

--------------------------------------- 2015-01-07-15-37-35-561
[notice ] -----------------------------: 
[notice ] Wed 7 Jan 15:37:35PM: 
[notice ] OSC LISTEN ON PORT: : 12345
[notice ] ofAppNoWindow: ***
***
*** running a headless (no window) app
***
*** keyboard input works here
***
*** press Esc or Ctrl-C to quit
***




--------------------------------------- 2015-01-07-15-40-44-231
[notice ] --------------------------------------: 
[notice ] STARTUP: Wed 7 Jan 15:40:44PM: 
[notice ] OSC LISTEN ON PORT: : 12345
[notice ] ofAppNoWindow: ***
***
*** running a headless (no window) app
***
*** keyboard input works here
***
*** press Esc or Ctrl-C to quit
***



--------------------------------------- 2015-01-07-15-41-48-739
[notice ] STARTUP: Wed 7 Jan 15:41:48PM: 
[notice ] OSC LISTEN ON PORT: : 12345
[notice ] ofAppNoWindow: ***
***
*** running a headless (no window) app
***
*** keyboard input works here
***
*** press Esc or Ctrl-C to quit
***



--------------------------------------- 2015-01-07-15-42-06-560
[notice ] STARTUP: Wed 7 Jan 15:42:06PM: 
[notice ] OSC LISTEN ON PORT: : 12345
[notice ] ofAppNoWindow: ***
***
*** running a headless (no window) app
***
*** keyboard input works here
***
*** press Esc or Ctrl-C to quit
***



--------------------------------------- 2015-01-07-15-42-18-238
[notice ] STARTUP: Wed 7 Jan 15:42:18PM: 
[notice ] OSC LISTEN ON PORT: : 12345
[notice ] ofAppNoWindow: ***
***
*** running a headless (no window) app
***
*** keyboard input works here
***
*** press Esc or Ctrl-C to quit
***



--------------------------------------- 2015-01-07-15-45-09-807
[notice ] STARTUP: Wed 7 Jan 15:45:09PM: 
[notice ] OSC LISTEN ON PORT: : 12345
[notice ] ofAppNoWindow: ***
***
*** running a headless (no window) app
***
*** keyboard input works here
***
*** press Esc or Ctrl-C to quit
***

[notice ] osc:: /play [0] 



--------------------------------------- 2015-01-07-15-45-26-409
[notice ] STARTUP: Wed 7 Jan 15:45:26PM: 
[notice ] OSC LISTEN ON PORT: : 12345
[notice ] ofAppNoWindow: ***
***
*** running a headless (no window) app
***
*** keyboard input works here
***
*** press Esc or Ctrl-C to quit
***

[notice ] osc:: /play [1] 

[notice ] osc:: /play [2] 



--------------------------------------- 2015-01-07-15-47-21-485
[notice ] STARTUP: Wed 7 Jan 15:47:21PM: 
[notice ] OSC LISTEN ON PORT: : 12345
[notice ] ofAppNoWindow: ***
***
*** running a headless (no window) app
***
*** keyboard input works here
***
*** press Esc or Ctrl-C to quit
***



--------------------------------------- 2015-01-07-15-47-29-322
[notice ] STARTUP: Wed 7 Jan 15:47:29PM: 
[notice ] OSC LISTEN ON PORT: : 12345
[notice ] ofAppNoWindow: ***
***
*** running a headless (no window) app
***
*** keyboard input works here
***
*** press Esc or Ctrl-C to quit
***

[notice ] osc:: /play [2] 
[notice ] osc:: /play [1] 


--------------------------------------- 2015-01-07-15-51-39-869
[notice ] STARTUP: Wed 7 Jan 15:51:39PM: 
[notice ] OSC LISTEN ON PORT: : 12345
[notice ] ofAppNoWindow: ***
***
*** running a headless (no window) app
***
*** keyboard input works here
***
*** press Esc or Ctrl-C to quit
***



--------------------------------------- 2015-01-07-15-52-13-894
[notice ] STARTUP: Wed 7 Jan 15:52:13PM: 
[notice ] OSC LISTEN ON PORT: : 12345
[notice ] ofAppNoWindow: ***
***
*** running a headless (no window) app
***
*** keyboard input works here
***
*** press Esc or Ctrl-C to quit
***



--------------------------------------- 2015-01-07-15-53-37-816
[notice ] STARTUP: Wed 7 Jan 15:53:37PM: 
[notice ] OSC LISTEN ON PORT: : 12345
[notice ] ofAppNoWindow: ***
***
*** running a headless (no window) app
***
*** keyboard input works here
***
*** press Esc or Ctrl-C to quit
***

[notice ] osc:: /play [2] 


--------------------------------------- 2015-01-07-15-54-27-525
[notice ] STARTUP: Wed 7 Jan 15:54:27PM: 
[notice ] OSC LISTEN ON PORT: : 12345
[notice ] ofAppNoWindow: ***
***
*** running a headless (no window) app
***
*** keyboard input works here
***
*** press Esc or Ctrl-C to quit
***

[notice ] osc:: /play [2] 
[notice ] osc:: /play [2] 


--------------------------------------- 2015-01-07-15-59-29-764
[notice ] STARTUP: Wed 7 Jan 15:59:29PM: 
[notice ] OSC LISTEN ON PORT: : 12345
[notice ] ofAppNoWindow: ***
***
*** running a headless (no window) app
***
*** keyboard input works here
***
*** press Esc or Ctrl-C to quit
***



--------------------------------------- 2015-01-07-15-59-54-008
[notice ] STARTUP: Wed 7 Jan 15:59:54PM: 
[notice ] OSC LISTEN ON PORT: : 12345
[notice ] ofAppNoWindow: ***
***
*** running a headless (no window) app
***
*** keyboard input works here
***
*** press Esc or Ctrl-C to quit
***



--------------------------------------- 2015-01-09-16-10-43-934
[notice ] STARTUP: Fri 9 Jan 16:10:43PM: 
[ error ] ofOpenALSoundPlayer: loadSound(): couldn't generate source for "/home/tom/Dropbox/Projects/sonicbike/of_v0.8.4_linux64_release/apps/myApps/SonicBikeAudioEngine/bin/data/sounds/startup.wav": 40964 AL_INVALID_OPERATION
[notice ] OSC LISTEN ON PORT: : 12345
[notice ] ofAppNoWindow: ***
***
*** running a headless (no window) app
***
*** keyboard input works here
***
*** press Esc or Ctrl-C to quit
***



--------------------------------------- 2015-01-09-16-11-03-306
[notice ] STARTUP: Fri 9 Jan 16:11:03PM: 
[ error ] ofOpenALSoundPlayer: loadSound(): couldn't generate source for "/home/tom/Dropbox/Projects/sonicbike/of_v0.8.4_linux64_release/apps/myApps/SonicBikeAudioEngine/bin/data/sounds/startup.wav": 40964 AL_INVALID_OPERATION
[notice ] OSC LISTEN ON PORT: : 12345
[notice ] ofAppNoWindow: ***
***
*** running a headless (no window) app
***
*** keyboard input works here
***
*** press Esc or Ctrl-C to quit
***



--------------------------------------- 2015-01-09-16-13-56-748
[notice ] STARTUP: Fri 9 Jan 16:13:56PM: 
[notice ] OSC LISTEN ON PORT: : 12345
[notice ] ofAppNoWindow: ***
***
*** running a headless (no window) app
***
*** keyboard input works here
***
*** press Esc or Ctrl-C to quit
***

[ error ] ofOpenALSoundPlayer: loadSound(): couldn't create stereo buffers for "/home/tom/Dropbox/Projects/sonicbike/of_v0.8.4_linux64_release/apps/myApps/SonicBikeAudioEngine/bin/data/sounds/GeeseFly.wav": 40964 AL_INVALID_OPERATION
[notice ] osc:: /load [0] sounds/GeeseFly.wav
[notice ] osc:: /play [0] 
[notice ] osc:: /load [0] sounds/GeeseFly.wav
[notice ] osc:: /play [0] 
[ error ] ofOpenALSoundPlayer: loadSound(): couldn't create stereo buffers for "/home/tom/Dropbox/Projects/sonicbike/of_v0.8.4_linux64_release/apps/myApps/SonicBikeAudioEngine/bin/data/sounds/SerenadeStrHi.wav": 40964 AL_INVALID_OPERATION
[notice ] osc:: /load [0] sounds/SerenadeStrHi.wav
[notice ] osc:: /play [0] 
[notice ] osc:: /play [0] 
[notice ] osc:: /play [1] 
